* using log directory ‘/home/steve/Documents/gpindex/revdep/checks/piar/new/piar.Rcheck’
* using R version 4.3.1 (2023-06-16)
* using platform: x86_64-pc-linux-gnu (64-bit)
* R was compiled by
    gcc (Ubuntu 9.4.0-1ubuntu1~20.04.1) 9.4.0
    GNU Fortran (Ubuntu 9.4.0-1ubuntu1~20.04.1) 9.4.0
* running under: Ubuntu 20.04.6 LTS
* using session charset: UTF-8
* using options ‘--no-manual --no-build-vignettes’
* checking for file ‘piar/DESCRIPTION’ ... OK
* this is package ‘piar’ version ‘0.4.0’
* package encoding: UTF-8
* checking package namespace information ... OK
* checking package dependencies ... OK
* checking if this is a source package ... OK
* checking if there is a namespace ... OK
* checking for executable files ... OK
* checking for hidden files and directories ... OK
* checking for portable file names ... OK
* checking for sufficient/correct file permissions ... OK
* checking whether package ‘piar’ can be installed ... OK
* checking installed package size ... OK
* checking package directory ... OK
* checking ‘build’ directory ... OK
* checking DESCRIPTION meta-information ... OK
* checking top-level files ... OK
* checking for left-over files ... OK
* checking index information ... OK
* checking package subdirectories ... OK
* checking R files for non-ASCII characters ... OK
* checking R files for syntax errors ... OK
* checking whether the package can be loaded ... OK
* checking whether the package can be loaded with stated dependencies ... OK
* checking whether the package can be unloaded cleanly ... OK
* checking whether the namespace can be loaded with stated dependencies ... OK
* checking whether the namespace can be unloaded cleanly ... OK
* checking loading without being on the library search path ... OK
* checking dependencies in R code ... OK
* checking S3 generic/method consistency ... OK
* checking replacement functions ... OK
* checking foreign function calls ... OK
* checking R code for possible problems ... OK
* checking Rd files ... OK
* checking Rd metadata ... OK
* checking Rd cross-references ... OK
* checking for missing documentation entries ... OK
* checking for code/documentation mismatches ... OK
* checking Rd \usage sections ... OK
* checking Rd contents ... OK
* checking for unstated dependencies in examples ... OK
* checking contents of ‘data’ directory ... OK
* checking data for non-ASCII characters ... OK
* checking LazyData ... OK
* checking data for ASCII and uncompressed saves ... OK
* checking installed files from ‘inst/doc’ ... OK
* checking files in ‘vignettes’ ... OK
* checking examples ... OK
* checking differences from ‘piar-Ex.Rout’ to ‘piar-Ex.Rout.save’ ... OK
* checking for unstated dependencies in ‘tests’ ... OK
* checking tests ... OK
  Running ‘test-aggregate.R’
  Comparing ‘test-aggregate.Rout’ to ‘test-aggregate.Rout.save’ ...291,298c291
< [1] "Component \"contrib\": Component \"202001\": Component \"B4\": Attributes: < Modes: list, NULL >"                   
< [2] "Component \"contrib\": Component \"202001\": Component \"B4\": Attributes: < Lengths: 1, 0 >"                       
< [3] "Component \"contrib\": Component \"202001\": Component \"B4\": Attributes: < names for target but not for current >"
< [4] "Component \"contrib\": Component \"202001\": Component \"B4\": Attributes: < current is not list-like >"            
< [5] "Component \"contrib\": Component \"202002\": Component \"B4\": Attributes: < Modes: list, NULL >"                   
< [6] "Component \"contrib\": Component \"202002\": Component \"B4\": Attributes: < Lengths: 1, 0 >"                       
< [7] "Component \"contrib\": Component \"202002\": Component \"B4\": Attributes: < names for target but not for current >"
< [8] "Component \"contrib\": Component \"202002\": Component \"B4\": Attributes: < current is not list-like >"            
---
> [1] TRUE
  Running ‘test-elemental.R’
  Comparing ‘test-elemental.Rout’ to ‘test-elemental.Rout.save’ ...263c263
< named numeric(0)
---
> numeric(0)
276c276
< named numeric(0)
---
> numeric(0)
338c338
< named numeric(0)
---
> numeric(0)
506c506
< named numeric(0)
---
> numeric(0)
538c538
< named numeric(0)
---
> numeric(0)
549c549
< named numeric(0)
---
> numeric(0)
581c581
< named numeric(0)
---
> numeric(0)
593c593
< named numeric(0)
---
> numeric(0)
623c623
< named numeric(0)
---
> numeric(0)
635c635
< named numeric(0)
---
> numeric(0)
  Running ‘test-making-price-indexes.R’
  Comparing ‘test-making-price-indexes.Rout’ to ‘test-making-price-indexes.Rout.save’ ... OK
  Running ‘test-pias.R’
  Comparing ‘test-pias.Rout’ to ‘test-pias.Rout.save’ ... OK
  Running ‘test-prices.R’
  Comparing ‘test-prices.Rout’ to ‘test-prices.Rout.save’ ... OK
  Running ‘test-shadow-price.R’
  Comparing ‘test-shadow-price.Rout’ to ‘test-shadow-price.Rout.save’ ... OK
  Running ‘test-vcov.R’
  Comparing ‘test-vcov.Rout’ to ‘test-vcov.Rout.save’ ... OK
* checking for unstated dependencies in vignettes ... OK
* checking package vignettes in ‘inst/doc’ ... OK
* checking running R code from vignettes ... NONE
  ‘making-price-indexes.Rmd’ using ‘UTF-8’... OK
* checking re-building of vignette outputs ... SKIPPED
* DONE
Status: OK
